INFO 2017-08-14 19:50:46,814 basehttp 19942 123145521221632 "GET / HTTP/1.1" 200 7974
INFO 2017-08-14 19:50:46,835 basehttp 19942 123145536987136 "GET /static/blog/css/highlights/github.css HTTP/1.1" 200 4016
INFO 2017-08-14 19:50:46,835 basehttp 19942 123145526476800 "GET /static/blog/css/pace.css HTTP/1.1" 200 177
INFO 2017-08-14 19:50:46,836 basehttp 19942 123145531731968 "GET /static/blog/css/custom.css HTTP/1.1" 200 14568
INFO 2017-08-14 19:50:46,842 basehttp 19942 123145547497472 "GET /static/blog/js/bootstrap.min.js HTTP/1.1" 200 35452
INFO 2017-08-14 19:50:46,843 basehttp 19942 123145521221632 "GET /static/blog/css/bootstrap.min.css HTTP/1.1" 200 117150
INFO 2017-08-14 19:50:46,844 basehttp 19942 123145542242304 "GET /static/blog/js/jquery-2.1.3.min.js HTTP/1.1" 200 84319
INFO 2017-08-14 19:50:46,844 basehttp 19942 123145526476800 "GET /static/blog/js/pace.min.js HTTP/1.1" 200 12331
INFO 2017-08-14 19:50:46,844 basehttp 19942 123145531731968 "GET /static/blog/js/modernizr.custom.js HTTP/1.1" 200 8371
INFO 2017-08-14 19:50:46,845 basehttp 19942 123145536987136 "GET /static/blog/js/script.js HTTP/1.1" 200 4310
INFO 2017-08-14 19:50:56,911 basehttp 19942 123145521221632 "GET / HTTP/1.1" 200 7974
INFO 2017-08-14 19:50:57,881 basehttp 19942 123145521221632 "GET /full-width HTTP/1.1" 301 0
INFO 2017-08-14 19:50:57,937 basehttp 19942 123145521221632 "GET /full-width/ HTTP/1.1" 200 6568
INFO 2017-08-14 19:50:59,666 basehttp 19942 123145521221632 "GET / HTTP/1.1" 200 7974
INFO 2017-08-14 19:51:01,476 basehttp 19942 123145521221632 "GET /contact HTTP/1.1" 301 0
INFO 2017-08-14 19:51:01,499 basehttp 19942 123145521221632 "GET /contact/ HTTP/1.1" 200 5105
INFO 2017-08-14 19:51:01,531 basehttp 19942 123145521221632 "GET /contact/js/script.js HTTP/1.1" 200 5105
INFO 2017-08-14 19:51:02,201 basehttp 19942 123145521221632 "GET /about HTTP/1.1" 301 0
INFO 2017-08-14 19:51:02,216 basehttp 19942 123145521221632 "GET /about/ HTTP/1.1" 200 5390
INFO 2017-08-14 19:51:02,239 basehttp 19942 123145521221632 "GET /about/js/script.js HTTP/1.1" 200 5390
WARNING 2017-08-14 19:51:02,249 basehttp 19942 123145521221632 "GET /static/blog/img/me.jpg HTTP/1.1" 404 1658
WARNING 2017-08-14 19:51:02,273 basehttp 19942 123145521221632 "GET /static/blog/img/me.jpg HTTP/1.1" 404 1658
INFO 2017-08-14 19:51:03,096 basehttp 19942 123145521221632 "GET /full-width/ HTTP/1.1" 200 6568
INFO 2017-08-14 19:51:04,234 basehttp 19942 123145521221632 "GET /contact/ HTTP/1.1" 200 5105
INFO 2017-08-14 19:51:04,264 basehttp 19942 123145521221632 "GET /contact/js/script.js HTTP/1.1" 200 5105
INFO 2017-08-14 19:51:05,215 basehttp 19942 123145521221632 "GET / HTTP/1.1" 200 7974
INFO 2017-08-14 19:51:11,163 basehttp 19942 123145526476800 "GET /article/3/ HTTP/1.1" 200 24946
INFO 2017-08-14 19:51:11,347 basehttp 19942 123145521221632 "GET /article/3/ HTTP/1.1" 200 24946
